TN:
SF:src/services/store.ts
FN:30,useDispatch
FNF:1
FNH:0
FNDA:0,useDispatch
DA:1,1
DA:2,1
DA:3,1
DA:4,1
DA:5,1
DA:6,1
DA:7,1
DA:8,1
DA:9,1
DA:10,1
DA:11,1
DA:12,1
DA:13,1
DA:14,1
DA:15,1
DA:16,1
DA:17,1
DA:18,1
DA:19,1
DA:20,1
DA:21,1
DA:22,1
DA:23,1
DA:24,1
DA:25,1
DA:26,1
DA:27,1
DA:28,1
DA:29,1
DA:30,1
DA:31,1
DA:32,1
DA:33,1
LF:33
LH:33
BRF:0
BRH:0
end_of_record
TN:
SF:src/services/slices/constructorSlice/constructorSlice.tsx
FN:15,addIngredient
FN:23,removeIngredient
FN:28,reorderIngredients
FN:36,clearConstructorData
FN:43,selectConstructorItems
FNF:5
FNH:4
FNDA:3,addIngredient
FNDA:1,removeIngredient
FNDA:1,reorderIngredients
FNDA:1,clearConstructorData
FNDA:0,selectConstructorItems
DA:1,1
DA:2,1
DA:3,1
DA:4,1
DA:5,1
DA:6,1
DA:7,1
DA:8,1
DA:9,1
DA:10,1
DA:11,1
DA:12,1
DA:13,1
DA:14,1
DA:15,1
DA:16,3
DA:17,3
DA:18,3
DA:19,3
DA:20,3
DA:21,3
DA:22,1
DA:23,1
DA:24,1
DA:25,1
DA:26,1
DA:27,1
DA:28,1
DA:29,1
DA:30,1
DA:31,1
DA:32,1
DA:33,1
DA:34,1
DA:35,1
DA:36,1
DA:37,1
DA:38,1
DA:39,1
DA:40,1
DA:41,1
DA:42,1
DA:43,1
DA:44,1
DA:45,1
DA:46,1
DA:47,1
DA:48,1
DA:49,1
DA:50,1
DA:51,1
LF:51
LH:51
BRDA:15,0,0,3
BRDA:20,1,0,2
BRDA:21,2,0,1
BRDA:23,3,0,1
BRDA:25,4,0,1
BRDA:28,5,0,1
BRDA:36,6,0,1
BRF:7
BRH:7
end_of_record
TN:
SF:src/services/slices/feedSlice/feed-thunk.ts
FNF:0
FNH:0
DA:1,1
DA:2,1
DA:3,1
DA:4,1
LF:4
LH:4
BRF:0
BRH:0
end_of_record
TN:
SF:src/services/slices/feedSlice/feedSlice.tsx
FN:23,clearFeed
FN:25,extraReducers
FN:48,selectFeed
FNF:3
FNH:2
FNDA:1,clearFeed
FNDA:3,extraReducers
FNDA:0,selectFeed
DA:1,1
DA:2,1
DA:3,1
DA:4,1
DA:5,1
DA:6,1
DA:7,1
DA:8,1
DA:9,1
DA:10,1
DA:11,1
DA:12,1
DA:13,1
DA:14,1
DA:15,1
DA:16,1
DA:17,1
DA:18,1
DA:19,1
DA:20,1
DA:21,1
DA:22,1
DA:23,1
DA:24,1
DA:25,1
DA:26,3
DA:27,3
DA:28,1
DA:29,1
DA:30,3
DA:31,3
DA:32,1
DA:33,1
DA:34,3
DA:35,3
DA:36,3
DA:37,3
DA:38,1
DA:39,1
DA:40,1
DA:41,1
DA:42,1
DA:43,1
DA:44,3
DA:45,3
DA:46,1
DA:47,1
DA:48,1
DA:49,1
DA:50,1
LF:50
LH:50
BRDA:23,0,0,1
BRDA:25,1,0,3
BRDA:27,2,0,1
BRDA:31,3,0,1
BRDA:33,4,0,0
BRDA:37,5,0,1
BRF:6
BRH:5
end_of_record
TN:
SF:src/services/slices/ingredientsSlice/ingredients-thunk.ts
FNF:0
FNH:0
DA:1,1
DA:2,1
DA:3,1
DA:4,1
DA:5,1
DA:6,1
DA:7,1
LF:7
LH:7
BRF:0
BRH:0
end_of_record
TN:
SF:src/services/slices/ingredientsSlice/ingredientsSlice.tsx
FN:21,extraReducers
FN:41,selectIsIngredientsLoading
FN:43,selectIngredients
FN:45,selectIngredientsById
FNF:4
FNH:1
FNDA:2,extraReducers
FNDA:0,selectIsIngredientsLoading
FNDA:0,selectIngredients
FNDA:0,selectIngredientsById
DA:1,1
DA:2,1
DA:3,1
DA:4,1
DA:5,1
DA:6,1
DA:7,1
DA:8,1
DA:9,1
DA:10,1
DA:11,1
DA:12,1
DA:13,1
DA:14,1
DA:15,1
DA:16,1
DA:17,1
DA:18,1
DA:19,1
DA:20,1
DA:21,1
DA:22,2
DA:23,2
DA:24,1
DA:25,1
DA:26,2
DA:27,2
DA:28,1
DA:29,1
DA:30,2
DA:31,2
DA:32,2
DA:33,2
DA:34,1
DA:35,1
DA:36,1
DA:37,2
DA:38,2
DA:39,1
DA:40,1
DA:41,1
DA:42,0
DA:43,1
DA:44,0
DA:45,1
DA:46,1
DA:47,1
DA:48,1
DA:49,1
DA:50,1
DA:51,1
DA:52,1
DA:53,1
DA:54,1
DA:55,1
DA:56,1
DA:57,1
DA:58,1
DA:59,1
DA:60,1
DA:61,1
LF:61
LH:59
BRDA:21,0,0,2
BRDA:23,1,0,1
BRDA:27,2,0,1
BRDA:33,3,0,1
BRF:4
BRH:4
end_of_record
TN:
SF:src/services/slices/orderSlice/order-thunk.ts
FNF:0
FNH:0
DA:1,1
DA:2,1
DA:3,1
DA:4,1
DA:5,1
DA:6,1
DA:7,1
DA:8,1
DA:9,1
DA:10,1
DA:11,1
DA:12,1
DA:13,1
DA:14,1
LF:14
LH:14
BRF:0
BRH:0
end_of_record
TN:
SF:src/services/slices/orderSlice/orderSlice.tsx
FN:18,clearOrderData
FN:21,clearOrders
FN:25,extraReducers
FN:76,selectGetOrderData
FN:99,selectOrderRequest
FN:100,selectOrders
FN:101,selectOrderData
FNF:7
FNH:4
FNDA:1,clearOrderData
FNDA:1,clearOrders
FNDA:2,extraReducers
FNDA:4,selectGetOrderData
FNDA:0,selectOrderRequest
FNDA:0,selectOrders
FNDA:0,selectOrderData
DA:1,1
DA:2,1
DA:3,1
DA:4,1
DA:5,1
DA:6,1
DA:7,1
DA:8,1
DA:9,1
DA:10,1
DA:11,1
DA:12,1
DA:13,1
DA:14,1
DA:15,1
DA:16,1
DA:17,1
DA:18,1
DA:19,1
DA:20,1
DA:21,1
DA:22,1
DA:23,1
DA:24,1
DA:25,1
DA:26,2
DA:27,2
DA:28,2
DA:29,1
DA:30,1
DA:31,2
DA:32,2
DA:33,1
DA:34,1
DA:35,2
DA:36,2
DA:37,1
DA:38,1
DA:39,1
DA:40,2
DA:41,2
DA:42,2
DA:43,2
DA:44,2
DA:45,1
DA:46,2
DA:47,2
DA:48,1
DA:49,2
DA:50,2
DA:51,1
DA:52,2
DA:53,2
DA:54,2
DA:55,2
DA:56,2
DA:57,1
DA:58,1
DA:59,2
DA:60,2
DA:61,1
DA:62,1
DA:63,2
DA:64,2
DA:65,1
DA:66,1
DA:67,2
DA:68,2
DA:69,1
DA:70,1
DA:71,1
DA:72,1
DA:73,1
DA:74,1
DA:75,1
DA:76,1
DA:77,4
DA:78,4
DA:79,1
DA:80,1
DA:81,1
DA:82,3
DA:83,3
DA:84,3
DA:85,3
DA:86,4
DA:87,3
DA:88,4
DA:89,1
DA:90,1
DA:91,1
DA:92,2
DA:93,4
DA:94,1
DA:95,1
DA:96,1
DA:97,1
DA:98,4
DA:99,1
DA:100,1
DA:101,1
DA:102,1
DA:103,1
DA:104,1
LF:104
LH:104
BRDA:18,0,0,1
BRDA:21,1,0,1
BRDA:25,2,0,2
BRDA:28,3,0,1
BRDA:32,4,0,1
BRDA:34,5,0,0
BRDA:36,6,0,1
BRDA:44,7,0,1
BRDA:47,8,0,1
BRDA:48,9,0,0
BRDA:50,10,0,1
BRDA:56,11,0,1
BRDA:60,12,0,1
BRDA:62,13,0,0
BRDA:64,14,0,1
BRDA:76,15,0,4
BRDA:77,16,0,4
BRDA:78,17,0,1
BRDA:82,18,0,3
BRDA:86,19,0,0
BRDA:87,20,0,3
BRDA:88,21,0,1
BRDA:92,22,0,2
BRDA:93,23,0,1
BRDA:93,24,0,1
BRDA:93,25,0,1
BRDA:93,26,0,1
BRDA:79,27,0,1
BRDA:89,28,0,2
BRF:29
BRH:25
end_of_record
TN:
SF:src/services/slices/userSlice/user-thunk.ts
FNF:0
FNH:0
DA:1,1
DA:2,1
DA:3,1
DA:4,1
DA:5,1
DA:6,1
DA:7,1
DA:8,1
DA:9,1
DA:10,1
DA:11,1
DA:12,1
DA:13,1
DA:14,0
DA:15,0
DA:16,0
DA:17,0
DA:18,0
DA:19,0
DA:20,0
DA:21,1
DA:22,1
DA:23,1
DA:24,1
DA:25,1
DA:26,1
DA:27,1
DA:28,0
DA:29,0
DA:30,0
DA:31,0
DA:32,0
DA:33,1
DA:34,1
DA:35,1
DA:36,1
DA:37,1
DA:38,0
DA:39,0
DA:40,0
DA:41,1
DA:42,1
DA:43,1
DA:44,1
DA:45,1
DA:46,1
LF:46
LH:31
BRF:0
BRH:0
end_of_record
TN:
SF:src/services/slices/userSlice/userSlice.tsx
FN:29,extraReducers
FN:109,selectIsAuthChecked
FN:110,selectIsAuthenticated
FN:112,selectUser
FN:113,selectIsLoading
FN:114,selectUserLoginError
FNF:6
FNH:1
FNDA:2,extraReducers
FNDA:0,selectIsAuthChecked
FNDA:0,selectIsAuthenticated
FNDA:0,selectUser
FNDA:0,selectIsLoading
FNDA:0,selectUserLoginError
DA:1,1
DA:2,1
DA:3,1
DA:4,1
DA:5,1
DA:6,1
DA:7,1
DA:8,1
DA:9,1
DA:10,1
DA:11,1
DA:12,1
DA:13,1
DA:14,1
DA:15,1
DA:16,1
DA:17,1
DA:18,1
DA:19,1
DA:20,1
DA:21,1
DA:22,1
DA:23,1
DA:24,1
DA:25,1
DA:26,1
DA:27,1
DA:28,1
DA:29,1
DA:30,2
DA:31,2
DA:32,2
DA:33,1
DA:34,1
DA:35,2
DA:36,2
DA:37,1
DA:38,1
DA:39,1
DA:40,2
DA:41,2
DA:42,1
DA:43,1
DA:44,1
DA:45,1
DA:46,1
DA:47,2
DA:48,2
DA:49,1
DA:50,1
DA:51,1
DA:52,1
DA:53,2
DA:54,2
DA:55,2
DA:56,2
DA:57,2
DA:58,1
DA:59,1
DA:60,2
DA:61,2
DA:62,1
DA:63,2
DA:64,2
DA:65,1
DA:66,1
DA:67,1
DA:68,1
DA:69,2
DA:70,2
DA:71,2
DA:72,2
DA:73,2
DA:74,1
DA:75,1
DA:76,2
DA:77,2
DA:78,1
DA:79,1
DA:80,2
DA:81,2
DA:82,1
DA:83,1
DA:84,1
DA:85,1
DA:86,1
DA:87,2
DA:88,2
DA:89,2
DA:90,2
DA:91,2
DA:92,1
DA:93,1
DA:94,2
DA:95,2
DA:96,1
DA:97,1
DA:98,2
DA:99,2
DA:100,1
DA:101,1
DA:102,1
DA:103,1
DA:104,1
DA:105,2
DA:106,2
DA:107,1
DA:108,1
DA:109,1
DA:110,1
DA:111,0
DA:112,1
DA:113,1
DA:114,1
DA:115,1
DA:116,1
LF:116
LH:115
BRDA:29,0,0,2
BRDA:32,1,0,1
BRDA:36,2,0,1
BRDA:39,3,0,0
BRDA:41,4,0,1
BRDA:48,5,0,1
BRDA:57,6,0,1
BRDA:61,7,0,1
BRDA:62,8,0,0
BRDA:64,9,0,1
BRDA:73,10,0,1
BRDA:77,11,0,1
BRDA:79,12,0,0
BRDA:81,13,0,1
BRDA:91,14,0,1
BRDA:95,15,0,1
BRDA:97,16,0,0
BRDA:99,17,0,1
BRF:18
BRH:14
end_of_record
TN:
SF:src/utils/burger-api.ts
FN:5,checkResponse
FN:17,refreshToken
FN:37,fetchWithRefresh
FN:73,getIngredientsApi
FN:81,getFeedsApi
FN:89,getOrdersApi
FN:106,orderBurgerApi
FN:125,getOrderByNumberApi
FN:145,registerUserApi
FN:164,loginUserApi
FN:178,forgotPasswordApi
FN:192,resetPasswordApi
FN:208,getUserApi
FN:215,updateUserApi
FN:225,logoutApi
FNF:15
FNH:0
FNDA:0,checkResponse
FNDA:0,refreshToken
FNDA:0,fetchWithRefresh
FNDA:0,getIngredientsApi
FNDA:0,getFeedsApi
FNDA:0,getOrdersApi
FNDA:0,orderBurgerApi
FNDA:0,getOrderByNumberApi
FNDA:0,registerUserApi
FNDA:0,loginUserApi
FNDA:0,forgotPasswordApi
FNDA:0,resetPasswordApi
FNDA:0,getUserApi
FNDA:0,updateUserApi
FNDA:0,logoutApi
DA:1,1
DA:2,1
DA:3,1
DA:4,1
DA:5,1
DA:6,0
DA:7,1
DA:8,1
DA:9,1
DA:10,1
DA:11,1
DA:12,1
DA:13,1
DA:14,1
DA:15,1
DA:16,1
DA:17,1
DA:18,0
DA:19,0
DA:20,0
DA:21,0
DA:22,0
DA:23,0
DA:24,0
DA:25,0
DA:26,0
DA:27,0
DA:28,0
DA:29,0
DA:30,0
DA:31,0
DA:32,0
DA:33,0
DA:34,0
DA:35,0
DA:36,1
DA:37,1
DA:38,0
DA:39,0
DA:40,0
DA:41,0
DA:42,0
DA:43,0
DA:44,0
DA:45,0
DA:46,0
DA:47,0
DA:48,0
DA:49,0
DA:50,0
DA:51,0
DA:52,0
DA:53,0
DA:54,0
DA:55,0
DA:56,0
DA:57,0
DA:58,1
DA:59,1
DA:60,1
DA:61,1
DA:62,1
DA:63,1
DA:64,1
DA:65,1
DA:66,1
DA:67,1
DA:68,1
DA:69,1
DA:70,1
DA:71,1
DA:72,1
DA:73,1
DA:74,0
DA:75,0
DA:76,0
DA:77,0
DA:78,0
DA:79,0
DA:80,1
DA:81,1
DA:82,0
DA:83,0
DA:84,0
DA:85,0
DA:86,0
DA:87,0
DA:88,1
DA:89,1
DA:90,0
DA:91,0
DA:92,0
DA:93,0
DA:94,0
DA:95,0
DA:96,0
DA:97,0
DA:98,0
DA:99,0
DA:100,1
DA:101,1
DA:102,1
DA:103,1
DA:104,1
DA:105,1
DA:106,1
DA:107,0
DA:108,0
DA:109,0
DA:110,0
DA:111,0
DA:112,0
DA:113,0
DA:114,0
DA:115,0
DA:116,0
DA:117,0
DA:118,0
DA:119,0
DA:120,1
DA:121,1
DA:122,1
DA:123,1
DA:124,1
DA:125,1
DA:126,0
DA:127,0
DA:128,0
DA:129,0
DA:130,0
DA:131,0
DA:132,1
DA:133,1
DA:134,1
DA:135,1
DA:136,1
DA:137,1
DA:138,1
DA:139,1
DA:140,1
DA:141,1
DA:142,1
DA:143,1
DA:144,1
DA:145,1
DA:146,0
DA:147,0
DA:148,0
DA:149,0
DA:150,0
DA:151,0
DA:152,0
DA:153,0
DA:154,0
DA:155,0
DA:156,0
DA:157,0
DA:158,1
DA:159,1
DA:160,1
DA:161,1
DA:162,1
DA:163,1
DA:164,1
DA:165,0
DA:166,0
DA:167,0
DA:168,0
DA:169,0
DA:170,0
DA:171,0
DA:172,0
DA:173,0
DA:174,0
DA:175,0
DA:176,0
DA:177,1
DA:178,1
DA:179,0
DA:180,0
DA:181,0
DA:182,0
DA:183,0
DA:184,0
DA:185,0
DA:186,0
DA:187,0
DA:188,0
DA:189,0
DA:190,0
DA:191,1
DA:192,1
DA:193,0
DA:194,0
DA:195,0
DA:196,0
DA:197,0
DA:198,0
DA:199,0
DA:200,0
DA:201,0
DA:202,0
DA:203,0
DA:204,0
DA:205,1
DA:206,1
DA:207,1
DA:208,1
DA:209,0
DA:210,0
DA:211,0
DA:212,0
DA:213,0
DA:214,1
DA:215,1
DA:216,0
DA:217,0
DA:218,0
DA:219,0
DA:220,0
DA:221,0
DA:222,0
DA:223,0
DA:224,1
DA:225,1
DA:226,0
DA:227,0
DA:228,0
DA:229,0
DA:230,0
DA:231,0
DA:232,0
DA:233,0
DA:234,0
LF:234
LH:84
BRF:0
BRH:0
end_of_record
